# JRE version: OpenJDK Runtime Environment (8.0_152-b01) (build 1.8.0_152-release-915-b01)
# Java VM: OpenJDK 64-Bit Server VM (25.152-b01 mixed mode linux-amd64 compressed oops)
Heap:
 PSYoungGen      total 411648K, used 49153K [0x00000000e0000000, 0x00000000ff900000, 0x0000000100000000)
  eden space 307200K, 0% used [0x00000000e0000000,0x00000000e0000000,0x00000000f2c00000)
  from space 104448K, 47% used [0x00000000f2c00000,0x00000000f5c00500,0x00000000f9200000)
  to   space 99328K, 0% used [0x00000000f9800000,0x00000000f9800000,0x00000000ff900000)
 ParOldGen       total 1048576K, used 987441K [0x00000000a0000000, 0x00000000e0000000, 0x00000000e0000000)
  object space 1048576K, 94% used [0x00000000a0000000,0x00000000dc44c4a8,0x00000000e0000000)
 Metaspace       used 203976K, capacity 216712K, committed 216920K, reserved 1236992K
  class space    used 25438K, capacity 28418K, committed 28544K, reserved 1048576K
GC Heap History (10 events):
Event: 7544,655 GC heap after
Heap after GC invocations=89 (full 12):
 PSYoungGen      total 392192K, used 0K [0x00000000e0000000, 0x00000000ff580000, 0x0000000100000000)
  eden space 272384K, 0% used [0x00000000e0000000,0x00000000e0000000,0x00000000f0a00000)
  from space 119808K, 0% used [0x00000000f0a00000,0x00000000f0a00000,0x00000000f7f00000)
  to   space 113152K, 0% used [0x00000000f8700000,0x00000000f8700000,0x00000000ff580000)
 ParOldGen       total 1048576K, used 845000K [0x00000000a0000000, 0x00000000e0000000, 0x00000000e0000000)
  object space 1048576K, 80% used [0x00000000a0000000,0x00000000d39322a8,0x00000000e0000000)
 Metaspace       used 177900K, capacity 189700K, committed 205784K, reserved 1228800K
  class space    used 22211K, capacity 24968K, committed 27136K, reserved 1048576K
}
Event: 7722,490 GC heap before
{Heap before GC invocations=90 (full 12):
 PSYoungGen      total 392192K, used 272350K [0x00000000e0000000, 0x00000000ff580000, 0x0000000100000000)
  eden space 272384K, 99% used [0x00000000e0000000,0x00000000f09f7be0,0x00000000f0a00000)
  from space 119808K, 0% used [0x00000000f0a00000,0x00000000f0a00000,0x00000000f7f00000)
  to   space 113152K, 0% used [0x00000000f8700000,0x00000000f8700000,0x00000000ff580000)
 ParOldGen       total 1048576K, used 845000K [0x00000000a0000000, 0x00000000e0000000, 0x00000000e0000000)
  object space 1048576K, 80% used [0x00000000a0000000,0x00000000d39322a8,0x00000000e0000000)
 Metaspace       used 187149K, capacity 199188K, committed 205784K, reserved 1228800K
  class space    used 23349K, capacity 26186K, committed 27136K, reserved 1048576K
Event: 7722,512 GC heap after
Heap after GC invocations=90 (full 12):
 PSYoungGen      total 397312K, used 44809K [0x00000000e0000000, 0x00000000fee80000, 0x0000000100000000)
  eden space 291328K, 0% used [0x00000000e0000000,0x00000000e0000000,0x00000000f1c80000)
  from space 105984K, 42% used [0x00000000f8700000,0x00000000fb2c2618,0x00000000fee80000)
  to   space 107520K, 0% used [0x00000000f1c80000,0x00000000f1c80000,0x00000000f8580000)
 ParOldGen       total 1048576K, used 845008K [0x00000000a0000000, 0x00000000e0000000, 0x00000000e0000000)
  object space 1048576K, 80% used [0x00000000a0000000,0x00000000d39342a8,0x00000000e0000000)
 Metaspace       used 187149K, capacity 199188K, committed 205784K, reserved 1228800K
  class space    used 23349K, capacity 26186K, committed 27136K, reserved 1048576K
}
Event: 7723,838 GC heap before
{Heap before GC invocations=91 (full 12):
 PSYoungGen      total 397312K, used 336137K [0x00000000e0000000, 0x00000000fee80000, 0x0000000100000000)
  eden space 291328K, 100% used [0x00000000e0000000,0x00000000f1c80000,0x00000000f1c80000)
  from space 105984K, 42% used [0x00000000f8700000,0x00000000fb2c2618,0x00000000fee80000)
  to   space 107520K, 0% used [0x00000000f1c80000,0x00000000f1c80000,0x00000000f8580000)
 ParOldGen       total 1048576K, used 845008K [0x00000000a0000000, 0x00000000e0000000, 0x00000000e0000000)
  object space 1048576K, 80% used [0x00000000a0000000,0x00000000d39342a8,0x00000000e0000000)
 Metaspace       used 193272K, capacity 205574K, committed 205784K, reserved 1228800K
  class space    used 24145K, capacity 27031K, committed 27136K, reserved 1048576K
Event: 7723,882 GC heap after
Heap after GC invocations=91 (full 12):
 PSYoungGen      total 398848K, used 70739K [0x00000000e0000000, 0x0000000100000000, 0x0000000100000000)
  eden space 291328K, 0% used [0x00000000e0000000,0x00000000e0000000,0x00000000f1c80000)
  from space 107520K, 65% used [0x00000000f1c80000,0x00000000f6194d68,0x00000000f8580000)
  to   space 109568K, 0% used [0x00000000f9500000,0x00000000f9500000,0x0000000100000000)
 ParOldGen       total 1048576K, used 877249K [0x00000000a0000000, 0x00000000e0000000, 0x00000000e0000000)
  object space 1048576K, 83% used [0x00000000a0000000,0x00000000d58b0430,0x00000000e0000000)
 Metaspace       used 193272K, capacity 205574K, committed 205784K, reserved 1228800K
  class space    used 24145K, capacity 27031K, committed 27136K, reserved 1048576K
}
Event: 8216,246 GC heap before
{Heap before GC invocations=92 (full 12):
 PSYoungGen      total 398848K, used 362067K [0x00000000e0000000, 0x0000000100000000, 0x0000000100000000)
  eden space 291328K, 100% used [0x00000000e0000000,0x00000000f1c80000,0x00000000f1c80000)
  from space 107520K, 65% used [0x00000000f1c80000,0x00000000f6194d68,0x00000000f8580000)
  to   space 109568K, 0% used [0x00000000f9500000,0x00000000f9500000,0x0000000100000000)
 ParOldGen       total 1048576K, used 877249K [0x00000000a0000000, 0x00000000e0000000, 0x00000000e0000000)
  object space 1048576K, 83% used [0x00000000a0000000,0x00000000d58b0430,0x00000000e0000000)
 Metaspace       used 193337K, capacity 205698K, committed 206040K, reserved 1228800K
  class space    used 24157K, capacity 27071K, committed 27136K, reserved 1048576K
Event: 8216,298 GC heap after
Heap after GC invocations=92 (full 12):
 PSYoungGen      total 408576K, used 47814K [0x00000000e0000000, 0x00000000ff800000, 0x0000000100000000)
  eden space 307200K, 0% used [0x00000000e0000000,0x00000000e0000000,0x00000000f2c00000)
  from space 101376K, 47% used [0x00000000f9500000,0x00000000fc3b1b50,0x00000000ff800000)
  to   space 104448K, 0% used [0x00000000f2c00000,0x00000000f2c00000,0x00000000f9200000)
 ParOldGen       total 1048576K, used 940932K [0x00000000a0000000, 0x00000000e0000000, 0x00000000e0000000)
  object space 1048576K, 89% used [0x00000000a0000000,0x00000000d96e1138,0x00000000e0000000)
 Metaspace       used 193337K, capacity 205698K, committed 206040K, reserved 1228800K
  class space    used 24157K, capacity 27071K, committed 27136K, reserved 1048576K
}
Event: 8217,585 GC heap before
{Heap before GC invocations=93 (full 12):
 PSYoungGen      total 408576K, used 355014K [0x00000000e0000000, 0x00000000ff800000, 0x0000000100000000)
  eden space 307200K, 100% used [0x00000000e0000000,0x00000000f2c00000,0x00000000f2c00000)
  from space 101376K, 47% used [0x00000000f9500000,0x00000000fc3b1b50,0x00000000ff800000)
  to   space 104448K, 0% used [0x00000000f2c00000,0x00000000f2c00000,0x00000000f9200000)
 ParOldGen       total 1048576K, used 940932K [0x00000000a0000000, 0x00000000e0000000, 0x00000000e0000000)
  object space 1048576K, 89% used [0x00000000a0000000,0x00000000d96e1138,0x00000000e0000000)
 Metaspace       used 203976K, capacity 216712K, committed 216920K, reserved 1236992K
  class space    used 25438K, capacity 28418K, committed 28544K, reserved 1048576K
Event: 8217,641 GC heap after
Heap after GC invocations=93 (full 12):
 PSYoungGen      total 411648K, used 49153K [0x00000000e0000000, 0x00000000ff900000, 0x0000000100000000)
  eden space 307200K, 0% used [0x00000000e0000000,0x00000000e0000000,0x00000000f2c00000)
  from space 104448K, 47% used [0x00000000f2c00000,0x00000000f5c00500,0x00000000f9200000)
  to   space 99328K, 0% used [0x00000000f9800000,0x00000000f9800000,0x00000000ff900000)
 ParOldGen       total 1048576K, used 987441K [0x00000000a0000000, 0x00000000e0000000, 0x00000000e0000000)
  object space 1048576K, 94% used [0x00000000a0000000,0x00000000dc44c4a8,0x00000000e0000000)
 Metaspace       used 203976K, capacity 216712K, committed 216920K, reserved 1236992K
  class space    used 25438K, capacity 28418K, committed 28544K, reserved 1048576K
}
Event: 8217,642 GC heap before
{Heap before GC invocations=94 (full 13):
 PSYoungGen      total 411648K, used 49153K [0x00000000e0000000, 0x00000000ff900000, 0x0000000100000000)
  eden space 307200K, 0% used [0x00000000e0000000,0x00000000e0000000,0x00000000f2c00000)
  from space 104448K, 47% used [0x00000000f2c00000,0x00000000f5c00500,0x00000000f9200000)
  to   space 99328K, 0% used [0x00000000f9800000,0x00000000f9800000,0x00000000ff900000)
 ParOldGen       total 1048576K, used 987441K [0x00000000a0000000, 0x00000000e0000000, 0x00000000e0000000)
  object space 1048576K, 94% used [0x00000000a0000000,0x00000000dc44c4a8,0x00000000e0000000)
 Metaspace       used 203976K, capacity 216712K, committed 216920K, reserved 1236992K
  class space    used 25438K, capacity 28418K, committed 28544K, reserved 1048576K

