# JRE version: OpenJDK Runtime Environment (8.0_152-b01) (build 1.8.0_152-release-915-b01)
# Java VM: OpenJDK 64-Bit Server VM (25.152-b01 mixed mode linux-amd64 compressed oops)
Heap:
 PSYoungGen      total 396800K, used 63888K [0x00000000e0000000, 0x0000000100000000, 0x0000000100000000)
  eden space 269312K, 0% used [0x00000000e0000000,0x00000000e0000000,0x00000000f0700000)
  from space 127488K, 50% used [0x00000000f0700000,0x00000000f4564228,0x00000000f8380000)
  to   space 126464K, 0% used [0x00000000f8480000,0x00000000f8480000,0x0000000100000000)
 ParOldGen       total 972288K, used 931944K [0x00000000a0000000, 0x00000000db580000, 0x00000000e0000000)
  object space 972288K, 95% used [0x00000000a0000000,0x00000000d8e1a3e0,0x00000000db580000)
 Metaspace       used 200664K, capacity 208366K, committed 208472K, reserved 1230848K
  class space    used 25237K, capacity 26973K, committed 27008K, reserved 1048576K
GC Heap History (10 events):
Event: 6399,197 GC heap after
Heap after GC invocations=47 (full 8):
 PSYoungGen      total 346624K, used 70075K [0x00000000e0000000, 0x0000000100000000, 0x0000000100000000)
  eden space 276480K, 0% used [0x00000000e0000000,0x00000000e0000000,0x00000000f0e00000)
  from space 70144K, 99% used [0x00000000f0e00000,0x00000000f526ed58,0x00000000f5280000)
  to   space 125440K, 0% used [0x00000000f8580000,0x00000000f8580000,0x0000000100000000)
 ParOldGen       total 972288K, used 811240K [0x00000000a0000000, 0x00000000db580000, 0x00000000e0000000)
  object space 972288K, 83% used [0x00000000a0000000,0x00000000d183a288,0x00000000db580000)
 Metaspace       used 185180K, capacity 192446K, committed 196312K, reserved 1218560K
  class space    used 23305K, capacity 24909K, committed 26880K, reserved 1048576K
}
Event: 6399,785 GC heap before
{Heap before GC invocations=48 (full 8):
 PSYoungGen      total 346624K, used 346555K [0x00000000e0000000, 0x0000000100000000, 0x0000000100000000)
  eden space 276480K, 100% used [0x00000000e0000000,0x00000000f0e00000,0x00000000f0e00000)
  from space 70144K, 99% used [0x00000000f0e00000,0x00000000f526ed58,0x00000000f5280000)
  to   space 125440K, 0% used [0x00000000f8580000,0x00000000f8580000,0x0000000100000000)
 ParOldGen       total 972288K, used 811240K [0x00000000a0000000, 0x00000000db580000, 0x00000000e0000000)
  object space 972288K, 83% used [0x00000000a0000000,0x00000000d183a288,0x00000000db580000)
 Metaspace       used 185195K, capacity 192446K, committed 196312K, reserved 1218560K
  class space    used 23306K, capacity 24909K, committed 26880K, reserved 1048576K
Event: 6399,821 GC heap after
Heap after GC invocations=48 (full 8):
 PSYoungGen      total 401408K, used 15914K [0x00000000e0000000, 0x0000000100000000, 0x0000000100000000)
  eden space 275968K, 0% used [0x00000000e0000000,0x00000000e0000000,0x00000000f0d80000)
  from space 125440K, 12% used [0x00000000f8580000,0x00000000f950a9c8,0x0000000100000000)
  to   space 122880K, 0% used [0x00000000f0d80000,0x00000000f0d80000,0x00000000f8580000)
 ParOldGen       total 972288K, used 862624K [0x00000000a0000000, 0x00000000db580000, 0x00000000e0000000)
  object space 972288K, 88% used [0x00000000a0000000,0x00000000d4a68060,0x00000000db580000)
 Metaspace       used 185195K, capacity 192446K, committed 196312K, reserved 1218560K
  class space    used 23306K, capacity 24909K, committed 26880K, reserved 1048576K
}
Event: 6605,121 GC heap before
{Heap before GC invocations=49 (full 8):
 PSYoungGen      total 401408K, used 291882K [0x00000000e0000000, 0x0000000100000000, 0x0000000100000000)
  eden space 275968K, 100% used [0x00000000e0000000,0x00000000f0d80000,0x00000000f0d80000)
  from space 125440K, 12% used [0x00000000f8580000,0x00000000f950a9c8,0x0000000100000000)
  to   space 122880K, 0% used [0x00000000f0d80000,0x00000000f0d80000,0x00000000f8580000)
 ParOldGen       total 972288K, used 862624K [0x00000000a0000000, 0x00000000db580000, 0x00000000e0000000)
  object space 972288K, 88% used [0x00000000a0000000,0x00000000d4a68060,0x00000000db580000)
 Metaspace       used 185367K, capacity 192648K, committed 196312K, reserved 1218560K
  class space    used 23319K, capacity 24952K, committed 26880K, reserved 1048576K
Event: 6605,130 GC heap after
Heap after GC invocations=49 (full 8):
 PSYoungGen      total 286720K, used 10325K [0x00000000e0000000, 0x00000000ff980000, 0x0000000100000000)
  eden space 275968K, 0% used [0x00000000e0000000,0x00000000e0000000,0x00000000f0d80000)
  from space 10752K, 96% used [0x00000000f0d80000,0x00000000f1795778,0x00000000f1800000)
  to   space 120832K, 0% used [0x00000000f8380000,0x00000000f8380000,0x00000000ff980000)
 ParOldGen       total 972288K, used 862736K [0x00000000a0000000, 0x00000000db580000, 0x00000000e0000000)
  object space 972288K, 88% used [0x00000000a0000000,0x00000000d4a84080,0x00000000db580000)
 Metaspace       used 185367K, capacity 192648K, committed 196312K, reserved 1218560K
  class space    used 23319K, capacity 24952K, committed 26880K, reserved 1048576K
}
Event: 6606,166 GC heap before
{Heap before GC invocations=50 (full 8):
 PSYoungGen      total 286720K, used 286293K [0x00000000e0000000, 0x00000000ff980000, 0x0000000100000000)
  eden space 275968K, 100% used [0x00000000e0000000,0x00000000f0d80000,0x00000000f0d80000)
  from space 10752K, 96% used [0x00000000f0d80000,0x00000000f1795778,0x00000000f1800000)
  to   space 120832K, 0% used [0x00000000f8380000,0x00000000f8380000,0x00000000ff980000)
 ParOldGen       total 972288K, used 862736K [0x00000000a0000000, 0x00000000db580000, 0x00000000e0000000)
  object space 972288K, 88% used [0x00000000a0000000,0x00000000d4a84080,0x00000000db580000)
 Metaspace       used 196622K, capacity 204170K, committed 204760K, reserved 1226752K
  class space    used 24685K, capacity 26401K, committed 26880K, reserved 1048576K
Event: 6606,217 GC heap after
Heap after GC invocations=50 (full 8):
 PSYoungGen      total 390144K, used 80051K [0x00000000e0000000, 0x0000000100000000, 0x0000000100000000)
  eden space 269312K, 0% used [0x00000000e0000000,0x00000000e0000000,0x00000000f0700000)
  from space 120832K, 66% used [0x00000000f8380000,0x00000000fd1acf90,0x00000000ff980000)
  to   space 127488K, 0% used [0x00000000f0700000,0x00000000f0700000,0x00000000f8380000)
 ParOldGen       total 972288K, used 868222K [0x00000000a0000000, 0x00000000db580000, 0x00000000e0000000)
  object space 972288K, 89% used [0x00000000a0000000,0x00000000d4fdf9a0,0x00000000db580000)
 Metaspace       used 196622K, capacity 204170K, committed 204760K, reserved 1226752K
  class space    used 24685K, capacity 26401K, committed 26880K, reserved 1048576K
}
Event: 6607,156 GC heap before
{Heap before GC invocations=51 (full 8):
 PSYoungGen      total 390144K, used 349363K [0x00000000e0000000, 0x0000000100000000, 0x0000000100000000)
  eden space 269312K, 100% used [0x00000000e0000000,0x00000000f0700000,0x00000000f0700000)
  from space 120832K, 66% used [0x00000000f8380000,0x00000000fd1acf90,0x00000000ff980000)
  to   space 127488K, 0% used [0x00000000f0700000,0x00000000f0700000,0x00000000f8380000)
 ParOldGen       total 972288K, used 868222K [0x00000000a0000000, 0x00000000db580000, 0x00000000e0000000)
  object space 972288K, 89% used [0x00000000a0000000,0x00000000d4fdf9a0,0x00000000db580000)
 Metaspace       used 200664K, capacity 208366K, committed 208472K, reserved 1230848K
  class space    used 25237K, capacity 26973K, committed 27008K, reserved 1048576K
Event: 6607,258 GC heap after
Heap after GC invocations=51 (full 8):
 PSYoungGen      total 396800K, used 63888K [0x00000000e0000000, 0x0000000100000000, 0x0000000100000000)
  eden space 269312K, 0% used [0x00000000e0000000,0x00000000e0000000,0x00000000f0700000)
  from space 127488K, 50% used [0x00000000f0700000,0x00000000f4564228,0x00000000f8380000)
  to   space 126464K, 0% used [0x00000000f8480000,0x00000000f8480000,0x0000000100000000)
 ParOldGen       total 972288K, used 931944K [0x00000000a0000000, 0x00000000db580000, 0x00000000e0000000)
  object space 972288K, 95% used [0x00000000a0000000,0x00000000d8e1a3e0,0x00000000db580000)
 Metaspace       used 200664K, capacity 208366K, committed 208472K, reserved 1230848K
  class space    used 25237K, capacity 26973K, committed 27008K, reserved 1048576K
}
Event: 6607,258 GC heap before
{Heap before GC invocations=52 (full 9):
 PSYoungGen      total 396800K, used 63888K [0x00000000e0000000, 0x0000000100000000, 0x0000000100000000)
  eden space 269312K, 0% used [0x00000000e0000000,0x00000000e0000000,0x00000000f0700000)
  from space 127488K, 50% used [0x00000000f0700000,0x00000000f4564228,0x00000000f8380000)
  to   space 126464K, 0% used [0x00000000f8480000,0x00000000f8480000,0x0000000100000000)
 ParOldGen       total 972288K, used 931944K [0x00000000a0000000, 0x00000000db580000, 0x00000000e0000000)
  object space 972288K, 95% used [0x00000000a0000000,0x00000000d8e1a3e0,0x00000000db580000)
 Metaspace       used 200664K, capacity 208366K, committed 208472K, reserved 1230848K
  class space    used 25237K, capacity 26973K, committed 27008K, reserved 1048576K

