# JRE version: OpenJDK Runtime Environment (8.0_152-b01) (build 1.8.0_152-release-915-b01)
# Java VM: OpenJDK 64-Bit Server VM (25.152-b01 mixed mode linux-amd64 compressed oops)
Heap:
 PSYoungGen      total 342016K, used 294219K [0x00000000e0000000, 0x0000000100000000, 0x0000000100000000)
  eden space 178688K, 100% used [0x00000000e0000000,0x00000000eae80000,0x00000000eae80000)
  from space 163328K, 70% used [0x00000000f5400000,0x00000000fc4d2f20,0x00000000ff380000)
  to   space 169472K, 49% used [0x00000000eae80000,0x00000000f010a1d8,0x00000000f5400000)
 ParOldGen       total 964096K, used 492362K [0x00000000a0000000, 0x00000000dad80000, 0x00000000e0000000)
  object space 964096K, 51% used [0x00000000a0000000,0x00000000be0d2810,0x00000000dad80000)
 Metaspace       used 147940K, capacity 162770K, committed 220632K, reserved 1239040K
  class space    used 18600K, capacity 22657K, committed 31232K, reserved 1048576K
GC Heap History (10 events):
Event: 17933,773 GC heap after
Heap after GC invocations=339 (full 70):
 PSYoungGen      total 349184K, used 121113K [0x00000000e0000000, 0x0000000100000000, 0x0000000100000000)
  eden space 177152K, 0% used [0x00000000e0000000,0x00000000e0000000,0x00000000ead00000)
  from space 172032K, 70% used [0x00000000ead00000,0x00000000f23466d8,0x00000000f5500000)
  to   space 174592K, 0% used [0x00000000f5580000,0x00000000f5580000,0x0000000100000000)
 ParOldGen       total 1048576K, used 893804K [0x00000000a0000000, 0x00000000e0000000, 0x00000000e0000000)
  object space 1048576K, 85% used [0x00000000a0000000,0x00000000d68db1f8,0x00000000e0000000)
 Metaspace       used 193756K, capacity 209940K, committed 222680K, reserved 1241088K
  class space    used 24362K, capacity 28692K, committed 31232K, reserved 1048576K
}
Event: 17934,569 GC heap before
{Heap before GC invocations=340 (full 70):
 PSYoungGen      total 349184K, used 298208K [0x00000000e0000000, 0x0000000100000000, 0x0000000100000000)
  eden space 177152K, 99% used [0x00000000e0000000,0x00000000eacf1b30,0x00000000ead00000)
  from space 172032K, 70% used [0x00000000ead00000,0x00000000f23466d8,0x00000000f5500000)
  to   space 174592K, 0% used [0x00000000f5580000,0x00000000f5580000,0x0000000100000000)
 ParOldGen       total 1048576K, used 893804K [0x00000000a0000000, 0x00000000e0000000, 0x00000000e0000000)
  object space 1048576K, 85% used [0x00000000a0000000,0x00000000d68db1f8,0x00000000e0000000)
 Metaspace       used 203308K, capacity 219700K, committed 222680K, reserved 1241088K
  class space    used 25522K, capacity 29916K, committed 31232K, reserved 1048576K
Event: 17934,652 GC heap after
Heap after GC invocations=340 (full 70):
 PSYoungGen      total 346624K, used 73640K [0x00000000e0000000, 0x00000000ffa80000, 0x0000000100000000)
  eden space 177664K, 0% used [0x00000000e0000000,0x00000000e0000000,0x00000000ead80000)
  from space 168960K, 43% used [0x00000000f5580000,0x00000000f9d6a058,0x00000000ffa80000)
  to   space 170496K, 0% used [0x00000000ead80000,0x00000000ead80000,0x00000000f5400000)
 ParOldGen       total 1048576K, used 973351K [0x00000000a0000000, 0x00000000e0000000, 0x00000000e0000000)
  object space 1048576K, 92% used [0x00000000a0000000,0x00000000db689da0,0x00000000e0000000)
 Metaspace       used 203308K, capacity 219700K, committed 222680K, reserved 1241088K
  class space    used 25522K, capacity 29916K, committed 31232K, reserved 1048576K
}
Event: 17934,652 GC heap before
{Heap before GC invocations=341 (full 71):
 PSYoungGen      total 346624K, used 73640K [0x00000000e0000000, 0x00000000ffa80000, 0x0000000100000000)
  eden space 177664K, 0% used [0x00000000e0000000,0x00000000e0000000,0x00000000ead80000)
  from space 168960K, 43% used [0x00000000f5580000,0x00000000f9d6a058,0x00000000ffa80000)
  to   space 170496K, 0% used [0x00000000ead80000,0x00000000ead80000,0x00000000f5400000)
 ParOldGen       total 1048576K, used 973351K [0x00000000a0000000, 0x00000000e0000000, 0x00000000e0000000)
  object space 1048576K, 92% used [0x00000000a0000000,0x00000000db689da0,0x00000000e0000000)
 Metaspace       used 203308K, capacity 219700K, committed 222680K, reserved 1241088K
  class space    used 25522K, capacity 29916K, committed 31232K, reserved 1048576K
Event: 17935,826 GC heap after
Heap after GC invocations=341 (full 71):
 PSYoungGen      total 346624K, used 0K [0x00000000e0000000, 0x00000000ffa80000, 0x0000000100000000)
  eden space 177664K, 0% used [0x00000000e0000000,0x00000000e0000000,0x00000000ead80000)
  from space 168960K, 0% used [0x00000000f5580000,0x00000000f5580000,0x00000000ffa80000)
  to   space 170496K, 0% used [0x00000000ead80000,0x00000000ead80000,0x00000000f5400000)
 ParOldGen       total 964096K, used 492346K [0x00000000a0000000, 0x00000000dad80000, 0x00000000e0000000)
  object space 964096K, 51% used [0x00000000a0000000,0x00000000be0ce810,0x00000000dad80000)
 Metaspace       used 142254K, capacity 156740K, committed 220632K, reserved 1239040K
  class space    used 17828K, capacity 21820K, committed 31232K, reserved 1048576K
}
Event: 17936,552 GC heap before
{Heap before GC invocations=342 (full 71):
 PSYoungGen      total 346624K, used 177664K [0x00000000e0000000, 0x00000000ffa80000, 0x0000000100000000)
  eden space 177664K, 100% used [0x00000000e0000000,0x00000000ead80000,0x00000000ead80000)
  from space 168960K, 0% used [0x00000000f5580000,0x00000000f5580000,0x00000000ffa80000)
  to   space 170496K, 0% used [0x00000000ead80000,0x00000000ead80000,0x00000000f5400000)
 ParOldGen       total 964096K, used 492346K [0x00000000a0000000, 0x00000000dad80000, 0x00000000e0000000)
  object space 964096K, 51% used [0x00000000a0000000,0x00000000be0ce810,0x00000000dad80000)
 Metaspace       used 146585K, capacity 161118K, committed 220632K, reserved 1239040K
  class space    used 18412K, capacity 22403K, committed 31232K, reserved 1048576K
Event: 17936,577 GC heap after
Heap after GC invocations=342 (full 71):
 PSYoungGen      total 348160K, used 63674K [0x00000000e0000000, 0x00000000ff380000, 0x0000000100000000)
  eden space 177664K, 0% used [0x00000000e0000000,0x00000000e0000000,0x00000000ead80000)
  from space 170496K, 37% used [0x00000000ead80000,0x00000000eebaebb8,0x00000000f5400000)
  to   space 163328K, 0% used [0x00000000f5400000,0x00000000f5400000,0x00000000ff380000)
 ParOldGen       total 964096K, used 492354K [0x00000000a0000000, 0x00000000dad80000, 0x00000000e0000000)
  object space 964096K, 51% used [0x00000000a0000000,0x00000000be0d0810,0x00000000dad80000)
 Metaspace       used 146585K, capacity 161118K, committed 220632K, reserved 1239040K
  class space    used 18412K, capacity 22403K, committed 31232K, reserved 1048576K
}
Event: 17937,174 GC heap before
{Heap before GC invocations=343 (full 71):
 PSYoungGen      total 348160K, used 241338K [0x00000000e0000000, 0x00000000ff380000, 0x0000000100000000)
  eden space 177664K, 100% used [0x00000000e0000000,0x00000000ead80000,0x00000000ead80000)
  from space 170496K, 37% used [0x00000000ead80000,0x00000000eebaebb8,0x00000000f5400000)
  to   space 163328K, 0% used [0x00000000f5400000,0x00000000f5400000,0x00000000ff380000)
 ParOldGen       total 964096K, used 492354K [0x00000000a0000000, 0x00000000dad80000, 0x00000000e0000000)
  object space 964096K, 51% used [0x00000000a0000000,0x00000000be0d0810,0x00000000dad80000)
 Metaspace       used 147876K, capacity 162582K, committed 220632K, reserved 1239040K
  class space    used 18589K, capacity 22617K, committed 31232K, reserved 1048576K
Event: 17937,217 GC heap after
Heap after GC invocations=343 (full 71):
 PSYoungGen      total 342016K, used 115531K [0x00000000e0000000, 0x0000000100000000, 0x0000000100000000)
  eden space 178688K, 0% used [0x00000000e0000000,0x00000000e0000000,0x00000000eae80000)
  from space 163328K, 70% used [0x00000000f5400000,0x00000000fc4d2f20,0x00000000ff380000)
  to   space 169472K, 0% used [0x00000000eae80000,0x00000000eae80000,0x00000000f5400000)
 ParOldGen       total 964096K, used 492354K [0x00000000a0000000, 0x00000000dad80000, 0x00000000e0000000)
  object space 964096K, 51% used [0x00000000a0000000,0x00000000be0d0810,0x00000000dad80000)
 Metaspace       used 147876K, capacity 162582K, committed 220632K, reserved 1239040K
  class space    used 18589K, capacity 22617K, committed 31232K, reserved 1048576K
}
Event: 18145,879 GC heap before
{Heap before GC invocations=344 (full 71):
 PSYoungGen      total 342016K, used 294219K [0x00000000e0000000, 0x0000000100000000, 0x0000000100000000)
  eden space 178688K, 100% used [0x00000000e0000000,0x00000000eae80000,0x00000000eae80000)
  from space 163328K, 70% used [0x00000000f5400000,0x00000000fc4d2f20,0x00000000ff380000)
  to   space 169472K, 0% used [0x00000000eae80000,0x00000000eae80000,0x00000000f5400000)
 ParOldGen       total 964096K, used 492354K [0x00000000a0000000, 0x00000000dad80000, 0x00000000e0000000)
  object space 964096K, 51% used [0x00000000a0000000,0x00000000be0d0810,0x00000000dad80000)
 Metaspace       used 147940K, capacity 162770K, committed 220632K, reserved 1239040K
  class space    used 18600K, capacity 22657K, committed 31232K, reserved 1048576K

