# JRE version: OpenJDK Runtime Environment (8.0_152-b01) (build 1.8.0_152-release-915-b01)
# Java VM: OpenJDK 64-Bit Server VM (25.152-b01 mixed mode linux-amd64 compressed oops)
Heap:
 PSYoungGen      total 403456K, used 31258K [0x00000000e0000000, 0x0000000100000000, 0x0000000100000000)
  eden space 280576K, 0% used [0x00000000e0000000,0x00000000e0000000,0x00000000f1200000)
  from space 122880K, 25% used [0x00000000f8800000,0x00000000fa686a78,0x0000000100000000)
  to   space 120832K, 0% used [0x00000000f1200000,0x00000000f1200000,0x00000000f8800000)
 ParOldGen       total 1048576K, used 977505K [0x00000000a0000000, 0x00000000e0000000, 0x00000000e0000000)
  object space 1048576K, 93% used [0x00000000a0000000,0x00000000dba984d0,0x00000000e0000000)
 Metaspace       used 205904K, capacity 217720K, committed 219096K, reserved 1239040K
  class space    used 25635K, capacity 28349K, committed 29440K, reserved 1048576K
GC Heap History (10 events):
Event: 6207,476 GC heap after
Heap after GC invocations=104 (full 16):
 PSYoungGen      total 391680K, used 74681K [0x00000000e0000000, 0x00000000ffc80000, 0x0000000100000000)
  eden space 271872K, 0% used [0x00000000e0000000,0x00000000e0000000,0x00000000f0980000)
  from space 119808K, 62% used [0x00000000f8780000,0x00000000fd06e5f8,0x00000000ffc80000)
  to   space 124416K, 0% used [0x00000000f0980000,0x00000000f0980000,0x00000000f8300000)
 ParOldGen       total 1048576K, used 752360K [0x00000000a0000000, 0x00000000e0000000, 0x00000000e0000000)
  object space 1048576K, 71% used [0x00000000a0000000,0x00000000cdeba108,0x00000000e0000000)
 Metaspace       used 190448K, capacity 201736K, committed 216280K, reserved 1236992K
  class space    used 23690K, capacity 26247K, committed 29440K, reserved 1048576K
}
Event: 6497,182 GC heap before
{Heap before GC invocations=105 (full 16):
 PSYoungGen      total 391680K, used 346553K [0x00000000e0000000, 0x00000000ffc80000, 0x0000000100000000)
  eden space 271872K, 100% used [0x00000000e0000000,0x00000000f0980000,0x00000000f0980000)
  from space 119808K, 62% used [0x00000000f8780000,0x00000000fd06e5f8,0x00000000ffc80000)
  to   space 124416K, 0% used [0x00000000f0980000,0x00000000f0980000,0x00000000f8300000)
 ParOldGen       total 1048576K, used 752360K [0x00000000a0000000, 0x00000000e0000000, 0x00000000e0000000)
  object space 1048576K, 71% used [0x00000000a0000000,0x00000000cdeba108,0x00000000e0000000)
 Metaspace       used 190518K, capacity 201862K, committed 216280K, reserved 1236992K
  class space    used 23702K, capacity 26288K, committed 29440K, reserved 1048576K
Event: 6497,238 GC heap after
Heap after GC invocations=105 (full 16):
 PSYoungGen      total 396288K, used 44458K [0x00000000e0000000, 0x00000000ffa80000, 0x0000000100000000)
  eden space 271872K, 0% used [0x00000000e0000000,0x00000000e0000000,0x00000000f0980000)
  from space 124416K, 35% used [0x00000000f0980000,0x00000000f34ea8a8,0x00000000f8300000)
  to   space 119296K, 0% used [0x00000000f8600000,0x00000000f8600000,0x00000000ffa80000)
 ParOldGen       total 1048576K, used 819687K [0x00000000a0000000, 0x00000000e0000000, 0x00000000e0000000)
  object space 1048576K, 78% used [0x00000000a0000000,0x00000000d2079f20,0x00000000e0000000)
 Metaspace       used 190518K, capacity 201862K, committed 216280K, reserved 1236992K
  class space    used 23702K, capacity 26288K, committed 29440K, reserved 1048576K
}
Event: 6498,480 GC heap before
{Heap before GC invocations=106 (full 16):
 PSYoungGen      total 396288K, used 316330K [0x00000000e0000000, 0x00000000ffa80000, 0x0000000100000000)
  eden space 271872K, 100% used [0x00000000e0000000,0x00000000f0980000,0x00000000f0980000)
  from space 124416K, 35% used [0x00000000f0980000,0x00000000f34ea8a8,0x00000000f8300000)
  to   space 119296K, 0% used [0x00000000f8600000,0x00000000f8600000,0x00000000ffa80000)
 ParOldGen       total 1048576K, used 819687K [0x00000000a0000000, 0x00000000e0000000, 0x00000000e0000000)
  object space 1048576K, 78% used [0x00000000a0000000,0x00000000d2079f20,0x00000000e0000000)
 Metaspace       used 200234K, capacity 211814K, committed 216280K, reserved 1236992K
  class space    used 24887K, capacity 27526K, committed 29440K, reserved 1048576K
Event: 6498,526 GC heap after
Heap after GC invocations=106 (full 16):
 PSYoungGen      total 391168K, used 43529K [0x00000000e0000000, 0x00000000ff200000, 0x0000000100000000)
  eden space 280576K, 0% used [0x00000000e0000000,0x00000000e0000000,0x00000000f1200000)
  from space 110592K, 39% used [0x00000000f8600000,0x00000000fb082688,0x00000000ff200000)
  to   space 114688K, 0% used [0x00000000f1200000,0x00000000f1200000,0x00000000f8200000)
 ParOldGen       total 1048576K, used 862438K [0x00000000a0000000, 0x00000000e0000000, 0x00000000e0000000)
  object space 1048576K, 82% used [0x00000000a0000000,0x00000000d4a39b18,0x00000000e0000000)
 Metaspace       used 200234K, capacity 211814K, committed 216280K, reserved 1236992K
  class space    used 24887K, capacity 27526K, committed 29440K, reserved 1048576K
}
Event: 6499,546 GC heap before
{Heap before GC invocations=107 (full 16):
 PSYoungGen      total 391168K, used 324105K [0x00000000e0000000, 0x00000000ff200000, 0x0000000100000000)
  eden space 280576K, 100% used [0x00000000e0000000,0x00000000f1200000,0x00000000f1200000)
  from space 110592K, 39% used [0x00000000f8600000,0x00000000fb082688,0x00000000ff200000)
  to   space 114688K, 0% used [0x00000000f1200000,0x00000000f1200000,0x00000000f8200000)
 ParOldGen       total 1048576K, used 862438K [0x00000000a0000000, 0x00000000e0000000, 0x00000000e0000000)
  object space 1048576K, 82% used [0x00000000a0000000,0x00000000d4a39b18,0x00000000e0000000)
 Metaspace       used 205824K, capacity 217600K, committed 218840K, reserved 1239040K
  class space    used 25624K, capacity 28309K, committed 29440K, reserved 1048576K
Event: 6499,605 GC heap after
Heap after GC invocations=107 (full 16):
 PSYoungGen      total 395264K, used 91259K [0x00000000e0000000, 0x0000000100000000, 0x0000000100000000)
  eden space 280576K, 0% used [0x00000000e0000000,0x00000000e0000000,0x00000000f1200000)
  from space 114688K, 79% used [0x00000000f1200000,0x00000000f6b1eff0,0x00000000f8200000)
  to   space 122880K, 0% used [0x00000000f8800000,0x00000000f8800000,0x0000000100000000)
 ParOldGen       total 1048576K, used 893082K [0x00000000a0000000, 0x00000000e0000000, 0x00000000e0000000)
  object space 1048576K, 85% used [0x00000000a0000000,0x00000000d6826b90,0x00000000e0000000)
 Metaspace       used 205824K, capacity 217600K, committed 218840K, reserved 1239040K
  class space    used 25624K, capacity 28309K, committed 29440K, reserved 1048576K
}
Event: 6651,982 GC heap before
{Heap before GC invocations=108 (full 16):
 PSYoungGen      total 395264K, used 371835K [0x00000000e0000000, 0x0000000100000000, 0x0000000100000000)
  eden space 280576K, 100% used [0x00000000e0000000,0x00000000f1200000,0x00000000f1200000)
  from space 114688K, 79% used [0x00000000f1200000,0x00000000f6b1eff0,0x00000000f8200000)
  to   space 122880K, 0% used [0x00000000f8800000,0x00000000f8800000,0x0000000100000000)
 ParOldGen       total 1048576K, used 893082K [0x00000000a0000000, 0x00000000e0000000, 0x00000000e0000000)
  object space 1048576K, 85% used [0x00000000a0000000,0x00000000d6826b90,0x00000000e0000000)
 Metaspace       used 205904K, capacity 217720K, committed 219096K, reserved 1239040K
  class space    used 25635K, capacity 28349K, committed 29440K, reserved 1048576K
Event: 6652,053 GC heap after
Heap after GC invocations=108 (full 16):
 PSYoungGen      total 403456K, used 31258K [0x00000000e0000000, 0x0000000100000000, 0x0000000100000000)
  eden space 280576K, 0% used [0x00000000e0000000,0x00000000e0000000,0x00000000f1200000)
  from space 122880K, 25% used [0x00000000f8800000,0x00000000fa686a78,0x0000000100000000)
  to   space 120832K, 0% used [0x00000000f1200000,0x00000000f1200000,0x00000000f8800000)
 ParOldGen       total 1048576K, used 977505K [0x00000000a0000000, 0x00000000e0000000, 0x00000000e0000000)
  object space 1048576K, 93% used [0x00000000a0000000,0x00000000dba984d0,0x00000000e0000000)
 Metaspace       used 205904K, capacity 217720K, committed 219096K, reserved 1239040K
  class space    used 25635K, capacity 28349K, committed 29440K, reserved 1048576K
}
Event: 6652,053 GC heap before
{Heap before GC invocations=109 (full 17):
 PSYoungGen      total 403456K, used 31258K [0x00000000e0000000, 0x0000000100000000, 0x0000000100000000)
  eden space 280576K, 0% used [0x00000000e0000000,0x00000000e0000000,0x00000000f1200000)
  from space 122880K, 25% used [0x00000000f8800000,0x00000000fa686a78,0x0000000100000000)
  to   space 120832K, 0% used [0x00000000f1200000,0x00000000f1200000,0x00000000f8800000)
 ParOldGen       total 1048576K, used 977505K [0x00000000a0000000, 0x00000000e0000000, 0x00000000e0000000)
  object space 1048576K, 93% used [0x00000000a0000000,0x00000000dba984d0,0x00000000e0000000)
 Metaspace       used 205904K, capacity 217720K, committed 219096K, reserved 1239040K
  class space    used 25635K, capacity 28349K, committed 29440K, reserved 1048576K

