# JRE version: OpenJDK Runtime Environment (8.0_152-b01) (build 1.8.0_152-release-915-b01)
# Java VM: OpenJDK 64-Bit Server VM (25.152-b01 mixed mode linux-amd64 compressed oops)
Heap:
 PSYoungGen      total 373248K, used 104474K [0x00000000e0000000, 0x0000000100000000, 0x0000000100000000)
  eden space 253952K, 0% used [0x00000000e0000000,0x00000000e0000000,0x00000000ef800000)
  from space 119296K, 87% used [0x00000000f8200000,0x00000000fe806ae0,0x00000000ff680000)
  to   space 135168K, 0% used [0x00000000ef800000,0x00000000ef800000,0x00000000f7c00000)
 ParOldGen       total 630272K, used 558304K [0x00000000a0000000, 0x00000000c6780000, 0x00000000e0000000)
  object space 630272K, 88% used [0x00000000a0000000,0x00000000c21381e0,0x00000000c6780000)
 Metaspace       used 158890K, capacity 165746K, committed 186456K, reserved 1208320K
  class space    used 19806K, capacity 21359K, committed 27008K, reserved 1048576K
GC Heap History (10 events):
Event: 2275,867 GC heap after
Heap after GC invocations=67 (full 11):
 PSYoungGen      total 412160K, used 40954K [0x00000000e0000000, 0x0000000100000000, 0x0000000100000000)
  eden space 293888K, 0% used [0x00000000e0000000,0x00000000e0000000,0x00000000f1f00000)
  from space 118272K, 34% used [0x00000000f8c80000,0x00000000fb47e9a8,0x0000000100000000)
  to   space 112128K, 0% used [0x00000000f1f00000,0x00000000f1f00000,0x00000000f8c80000)
 ParOldGen       total 630272K, used 401001K [0x00000000a0000000, 0x00000000c6780000, 0x00000000e0000000)
  object space 630272K, 63% used [0x00000000a0000000,0x00000000b879a448,0x00000000c6780000)
 Metaspace       used 138510K, capacity 144622K, committed 186456K, reserved 1208320K
  class space    used 17200K, capacity 18587K, committed 27008K, reserved 1048576K
}
Event: 2277,335 GC heap before
{Heap before GC invocations=68 (full 11):
 PSYoungGen      total 412160K, used 334842K [0x00000000e0000000, 0x0000000100000000, 0x0000000100000000)
  eden space 293888K, 100% used [0x00000000e0000000,0x00000000f1f00000,0x00000000f1f00000)
  from space 118272K, 34% used [0x00000000f8c80000,0x00000000fb47e9a8,0x0000000100000000)
  to   space 112128K, 0% used [0x00000000f1f00000,0x00000000f1f00000,0x00000000f8c80000)
 ParOldGen       total 630272K, used 401001K [0x00000000a0000000, 0x00000000c6780000, 0x00000000e0000000)
  object space 630272K, 63% used [0x00000000a0000000,0x00000000b879a448,0x00000000c6780000)
 Metaspace       used 143397K, capacity 149690K, committed 186456K, reserved 1208320K
  class space    used 17869K, capacity 19293K, committed 27008K, reserved 1048576K
Event: 2277,400 GC heap after
Heap after GC invocations=68 (full 11):
 PSYoungGen      total 403456K, used 109263K [0x00000000e0000000, 0x0000000100000000, 0x0000000100000000)
  eden space 293888K, 0% used [0x00000000e0000000,0x00000000e0000000,0x00000000f1f00000)
  from space 109568K, 99% used [0x00000000f1f00000,0x00000000f89b3f38,0x00000000f8a00000)
  to   space 120832K, 0% used [0x00000000f8a00000,0x00000000f8a00000,0x0000000100000000)
 ParOldGen       total 630272K, used 428681K [0x00000000a0000000, 0x00000000c6780000, 0x00000000e0000000)
  object space 630272K, 68% used [0x00000000a0000000,0x00000000ba2a24d8,0x00000000c6780000)
 Metaspace       used 143397K, capacity 149690K, committed 186456K, reserved 1208320K
  class space    used 17869K, capacity 19293K, committed 27008K, reserved 1048576K
}
Event: 5220,666 GC heap before
{Heap before GC invocations=69 (full 11):
 PSYoungGen      total 403456K, used 403151K [0x00000000e0000000, 0x0000000100000000, 0x0000000100000000)
  eden space 293888K, 100% used [0x00000000e0000000,0x00000000f1f00000,0x00000000f1f00000)
  from space 109568K, 99% used [0x00000000f1f00000,0x00000000f89b3f38,0x00000000f8a00000)
  to   space 120832K, 0% used [0x00000000f8a00000,0x00000000f8a00000,0x0000000100000000)
 ParOldGen       total 630272K, used 428681K [0x00000000a0000000, 0x00000000c6780000, 0x00000000e0000000)
  object space 630272K, 68% used [0x00000000a0000000,0x00000000ba2a24d8,0x00000000c6780000)
 Metaspace       used 143669K, capacity 150034K, committed 186456K, reserved 1208320K
  class space    used 17885K, capacity 19339K, committed 27008K, reserved 1048576K
Event: 5220,730 GC heap after
Heap after GC invocations=69 (full 11):
 PSYoungGen      total 390144K, used 15077K [0x00000000e0000000, 0x0000000100000000, 0x0000000100000000)
  eden space 269312K, 0% used [0x00000000e0000000,0x00000000e0000000,0x00000000f0700000)
  from space 120832K, 12% used [0x00000000f8a00000,0x00000000f98b9670,0x0000000100000000)
  to   space 127488K, 0% used [0x00000000f0700000,0x00000000f0700000,0x00000000f8380000)
 ParOldGen       total 630272K, used 527164K [0x00000000a0000000, 0x00000000c6780000, 0x00000000e0000000)
  object space 630272K, 83% used [0x00000000a0000000,0x00000000c02cf340,0x00000000c6780000)
 Metaspace       used 143669K, capacity 150034K, committed 186456K, reserved 1208320K
  class space    used 17885K, capacity 19339K, committed 27008K, reserved 1048576K
}
Event: 5221,946 GC heap before
{Heap before GC invocations=70 (full 11):
 PSYoungGen      total 390144K, used 284389K [0x00000000e0000000, 0x0000000100000000, 0x0000000100000000)
  eden space 269312K, 100% used [0x00000000e0000000,0x00000000f0700000,0x00000000f0700000)
  from space 120832K, 12% used [0x00000000f8a00000,0x00000000f98b9670,0x0000000100000000)
  to   space 127488K, 0% used [0x00000000f0700000,0x00000000f0700000,0x00000000f8380000)
 ParOldGen       total 630272K, used 527164K [0x00000000a0000000, 0x00000000c6780000, 0x00000000e0000000)
  object space 630272K, 83% used [0x00000000a0000000,0x00000000c02cf340,0x00000000c6780000)
 Metaspace       used 154243K, capacity 160914K, committed 186456K, reserved 1208320K
  class space    used 19161K, capacity 20685K, committed 27008K, reserved 1048576K
Event: 5221,974 GC heap after
Heap after GC invocations=70 (full 11):
 PSYoungGen      total 306688K, used 36975K [0x00000000e0000000, 0x00000000ff680000, 0x0000000100000000)
  eden space 269312K, 0% used [0x00000000e0000000,0x00000000e0000000,0x00000000f0700000)
  from space 37376K, 98% used [0x00000000f0700000,0x00000000f2b1bf60,0x00000000f2b80000)
  to   space 119296K, 0% used [0x00000000f8200000,0x00000000f8200000,0x00000000ff680000)
 ParOldGen       total 630272K, used 534507K [0x00000000a0000000, 0x00000000c6780000, 0x00000000e0000000)
  object space 630272K, 84% used [0x00000000a0000000,0x00000000c09fafd8,0x00000000c6780000)
 Metaspace       used 154243K, capacity 160914K, committed 186456K, reserved 1208320K
  class space    used 19161K, capacity 20685K, committed 27008K, reserved 1048576K
}
Event: 5222,779 GC heap before
{Heap before GC invocations=71 (full 11):
 PSYoungGen      total 306688K, used 306287K [0x00000000e0000000, 0x00000000ff680000, 0x0000000100000000)
  eden space 269312K, 100% used [0x00000000e0000000,0x00000000f0700000,0x00000000f0700000)
  from space 37376K, 98% used [0x00000000f0700000,0x00000000f2b1bf60,0x00000000f2b80000)
  to   space 119296K, 0% used [0x00000000f8200000,0x00000000f8200000,0x00000000ff680000)
 ParOldGen       total 630272K, used 534507K [0x00000000a0000000, 0x00000000c6780000, 0x00000000e0000000)
  object space 630272K, 84% used [0x00000000a0000000,0x00000000c09fafd8,0x00000000c6780000)
 Metaspace       used 158890K, capacity 165746K, committed 186456K, reserved 1208320K
  class space    used 19806K, capacity 21359K, committed 27008K, reserved 1048576K
Event: 5222,830 GC heap after
Heap after GC invocations=71 (full 11):
 PSYoungGen      total 373248K, used 104474K [0x00000000e0000000, 0x0000000100000000, 0x0000000100000000)
  eden space 253952K, 0% used [0x00000000e0000000,0x00000000e0000000,0x00000000ef800000)
  from space 119296K, 87% used [0x00000000f8200000,0x00000000fe806ae0,0x00000000ff680000)
  to   space 135168K, 0% used [0x00000000ef800000,0x00000000ef800000,0x00000000f7c00000)
 ParOldGen       total 630272K, used 558304K [0x00000000a0000000, 0x00000000c6780000, 0x00000000e0000000)
  object space 630272K, 88% used [0x00000000a0000000,0x00000000c21381e0,0x00000000c6780000)
 Metaspace       used 158890K, capacity 165746K, committed 186456K, reserved 1208320K
  class space    used 19806K, capacity 21359K, committed 27008K, reserved 1048576K
}
Event: 5222,830 GC heap before
{Heap before GC invocations=72 (full 12):
 PSYoungGen      total 373248K, used 104474K [0x00000000e0000000, 0x0000000100000000, 0x0000000100000000)
  eden space 253952K, 0% used [0x00000000e0000000,0x00000000e0000000,0x00000000ef800000)
  from space 119296K, 87% used [0x00000000f8200000,0x00000000fe806ae0,0x00000000ff680000)
  to   space 135168K, 0% used [0x00000000ef800000,0x00000000ef800000,0x00000000f7c00000)
 ParOldGen       total 630272K, used 558304K [0x00000000a0000000, 0x00000000c6780000, 0x00000000e0000000)
  object space 630272K, 88% used [0x00000000a0000000,0x00000000c21381e0,0x00000000c6780000)
 Metaspace       used 158890K, capacity 165746K, committed 186456K, reserved 1208320K
  class space    used 19806K, capacity 21359K, committed 27008K, reserved 1048576K

